<html>
<head>
<title>TestNG:  Execute all the class</title>
<link href="../testng.css" rel="stylesheet" type="text/css" />
<link href="../my-testng.css" rel="stylesheet" type="text/css" />

<style type="text/css">
.log { display: none;} 
.stack-trace { display: none;} 
</style>
<script type="text/javascript">
<!--
function flip(e) {
  current = e.style.display;
  if (current == 'block') {
    e.style.display = 'none';
    return 0;
  }
  else {
    e.style.display = 'block';
    return 1;
  }
}

function toggleBox(szDivId, elem, msg1, msg2)
{
  var res = -1;  if (document.getElementById) {
    res = flip(document.getElementById(szDivId));
  }
  else if (document.all) {
    // this is the way old msie versions work
    res = flip(document.all[szDivId]);
  }
  if(elem) {
    if(res == 0) elem.innerHTML = msg1; else elem.innerHTML = msg2;
  }

}

function toggleAllBoxes() {
  if (document.getElementsByTagName) {
    d = document.getElementsByTagName('div');
    for (i = 0; i < d.length; i++) {
      if (d[i].className == 'log') {
        flip(d[i]);
      }
    }
  }
}

// -->
</script>

</head>
<body>
<h2 align='center'>Execute all the class</h2><table border='1' align="center">
<tr>
<td>Tests passed/Failed/Skipped:</td><td>33/2/0</td>
</tr><tr>
<td>Started on:</td><td>Tue Aug 06 10:44:29 IST 2019</td>
</tr>
<tr><td>Total time:</td><td>59 seconds (59525 ms)</td>
</tr><tr>
<td>Included groups:</td><td></td>
</tr><tr>
<td>Excluded groups:</td><td></td>
</tr>
</table><p/>
<small><i>(Hover the method name to see the test class name)</i></small><p/>
<table width='100%' border='1' class='invocation-failed'>
<tr><td colspan='4' align='center'><b>FAILED TESTS</b></td></tr>
<tr><td><b>Test method</b></td>
<td width="30%"><b>Exception</b></td>
<td width="10%"><b>Time (seconds)</b></td>
<td><b>Instance</b></td>
</tr>
<tr>
<td title='com.testng.GoogleTest.GoogleTitleTest()'><b>GoogleTitleTest</b><br>Test class: com.testng.GoogleTest</td>
<td><div><pre>java.lang.AssertionError: expected [Google1234] but found [Google]
	at com.testng.GoogleTest.GoogleTitleTest(GoogleTest.java:34)
... Removed 30 stack frames</pre></div><a href='#' onClick='toggleBox("stack-trace177140066", this, "Click to show all stack frames", "Click to hide stack frames")'>Click to show all stack frames</a>
<div class='stack-trace' id='stack-trace177140066'><pre>java.lang.AssertionError: expected [Google1234] but found [Google]
	at org.testng.Assert.fail(Assert.java:94)
	at org.testng.Assert.failNotEquals(Assert.java:513)
	at org.testng.Assert.assertEqualsImpl(Assert.java:135)
	at org.testng.Assert.assertEquals(Assert.java:116)
	at org.testng.Assert.assertEquals(Assert.java:190)
	at org.testng.Assert.assertEquals(Assert.java:200)
	at com.testng.GoogleTest.GoogleTitleTest(GoogleTest.java:34)
	at sun.reflect.NativeMethodAccessorImpl.invoke0(Native Method)
	at sun.reflect.NativeMethodAccessorImpl.invoke(Unknown Source)
	at sun.reflect.DelegatingMethodAccessorImpl.invoke(Unknown Source)
	at java.lang.reflect.Method.invoke(Unknown Source)
	at org.testng.internal.MethodInvocationHelper.invokeMethod(MethodInvocationHelper.java:86)
	at org.testng.internal.Invoker.invokeMethod(Invoker.java:645)
	at org.testng.internal.Invoker.invokeTestMethod(Invoker.java:822)
	at org.testng.internal.Invoker.invokeTestMethods(Invoker.java:1130)
	at org.testng.internal.TestMethodWorker.invokeTestMethods(TestMethodWorker.java:129)
	at org.testng.internal.TestMethodWorker.run(TestMethodWorker.java:112)
	at org.testng.TestRunner.privateRun(TestRunner.java:782)
	at org.testng.TestRunner.run(TestRunner.java:632)
	at org.testng.SuiteRunner.runTest(SuiteRunner.java:366)
	at org.testng.SuiteRunner.runSequentially(SuiteRunner.java:361)
	at org.testng.SuiteRunner.privateRun(SuiteRunner.java:319)
	at org.testng.SuiteRunner.run(SuiteRunner.java:268)
	at org.testng.SuiteRunnerWorker.runSuite(SuiteRunnerWorker.java:52)
	at org.testng.SuiteRunnerWorker.run(SuiteRunnerWorker.java:86)
	at org.testng.TestNG.runSuitesSequentially(TestNG.java:1244)
	at org.testng.TestNG.runSuitesLocally(TestNG.java:1169)
	at org.testng.TestNG.run(TestNG.java:1064)
	at org.testng.remote.RemoteTestNG.run(RemoteTestNG.java:113)
	at org.testng.remote.RemoteTestNG.initAndRun(RemoteTestNG.java:206)
	at org.testng.remote.RemoteTestNG.main(RemoteTestNG.java:177)
</pre></div></td>
<td>0</td>
<td>com.testng.GoogleTest@2cfb4a64</td></tr>
<tr>
<td title='com.testng.GoogleTest.MailTest()'><b>MailTest</b><br>Test class: com.testng.GoogleTest</td>
<td><div><pre>org.openqa.selenium.NoSuchElementException: no such element: Unable to locate element: {&quot;method&quot;:&quot;link text&quot;,&quot;selector&quot;:&quot;mail&quot;}
  (Session info: chrome=75.0.3770.142)
  (Driver info: chromedriver=2.46.628402 (536cd7adbad73a3783fdc2cab92ab2ba7ec361e1),platform=Windows NT 6.1.7601 SP1 x86_64) (WARNING: The server did not provide any stacktrace information)
Command duration or timeout: 0 milliseconds
For documentation on this error, please visit: http://seleniumhq.org/exceptions/no_such_element.html
Build info: version: &apos;3.12.0&apos;, revision: &apos;7c6e0b3&apos;, time: &apos;2018-05-08T15:15:08.936Z&apos;
System info: host: &apos;MARY-PC&apos;, ip: &apos;192.168.0.102&apos;, os.name: &apos;Windows 7&apos;, os.arch: &apos;amd64&apos;, os.version: &apos;6.1&apos;, java.version: &apos;1.8.0_191&apos;
Driver info: org.openqa.selenium.chrome.ChromeDriver
Capabilities {acceptInsecureCerts: false, acceptSslCerts: false, applicationCacheEnabled: false, browserConnectionEnabled: false, browserName: chrome, chrome: {chromedriverVersion: 2.46.628402 (536cd7adbad73a..., userDataDir: C:\Users\Mary\AppData\Local...}, cssSelectorsEnabled: true, databaseEnabled: false, goog:chromeOptions: {debuggerAddress: localhost:49357}, handlesAlerts: true, hasTouchScreen: false, javascriptEnabled: true, locationContextEnabled: true, mobileEmulationEnabled: false, nativeEvents: true, networkConnectionEnabled: false, pageLoadStrategy: normal, platform: XP, platformName: XP, proxy: Proxy(), rotatable: false, setWindowRect: true, strictFileInteractability: false, takesHeapSnapshot: true, takesScreenshot: true, timeouts: {implicit: 0, pageLoad: 300000, script: 30000}, unexpectedAlertBehaviour: ignore, unhandledPromptBehavior: ignore, version: 75.0.3770.142, webStorageEnabled: true}
Session ID: a9a40e26fc1620a408f80fbd90ca0bda
*** Element info: {Using=link text, value=mail}
	at org.openqa.selenium.remote.ErrorHandler.createThrowable(ErrorHandler.java:214)
	at org.openqa.selenium.remote.ErrorHandler.throwIfResponseFailed(ErrorHandler.java:166)
	at org.openqa.selenium.remote.http.JsonHttpResponseCodec.reconstructValue(JsonHttpResponseCodec.java:40)
	at org.openqa.selenium.remote.http.AbstractHttpResponseCodec.decode(AbstractHttpResponseCodec.java:80)
	at org.openqa.selenium.remote.http.AbstractHttpResponseCodec.decode(AbstractHttpResponseCodec.java:44)
	at org.openqa.selenium.remote.HttpCommandExecutor.execute(HttpCommandExecutor.java:158)
	at org.openqa.selenium.remote.service.DriverCommandExecutor.execute(DriverCommandExecutor.java:83)
	at org.openqa.selenium.remote.RemoteWebDriver.execute(RemoteWebDriver.java:543)
	at org.openqa.selenium.remote.RemoteWebDriver.findElement(RemoteWebDriver.java:317)
	at org.openqa.selenium.remote.RemoteWebDriver.findElementByLinkText(RemoteWebDriver.java:371)
	at org.openqa.selenium.By$ByLinkText.findElement(By.java:220)
	at org.openqa.selenium.remote.RemoteWebDriver.findElement(RemoteWebDriver.java:309)
	at com.testng.GoogleTest.MailTest(GoogleTest.java:61)
... Removed 28 stack frames</pre></div><a href='#' onClick='toggleBox("stack-trace1406253491", this, "Click to show all stack frames", "Click to hide stack frames")'>Click to show all stack frames</a>
<div class='stack-trace' id='stack-trace1406253491'><pre>org.openqa.selenium.NoSuchElementException: no such element: Unable to locate element: {&quot;method&quot;:&quot;link text&quot;,&quot;selector&quot;:&quot;mail&quot;}
  (Session info: chrome=75.0.3770.142)
  (Driver info: chromedriver=2.46.628402 (536cd7adbad73a3783fdc2cab92ab2ba7ec361e1),platform=Windows NT 6.1.7601 SP1 x86_64) (WARNING: The server did not provide any stacktrace information)
Command duration or timeout: 0 milliseconds
For documentation on this error, please visit: http://seleniumhq.org/exceptions/no_such_element.html
Build info: version: &apos;3.12.0&apos;, revision: &apos;7c6e0b3&apos;, time: &apos;2018-05-08T15:15:08.936Z&apos;
System info: host: &apos;MARY-PC&apos;, ip: &apos;192.168.0.102&apos;, os.name: &apos;Windows 7&apos;, os.arch: &apos;amd64&apos;, os.version: &apos;6.1&apos;, java.version: &apos;1.8.0_191&apos;
Driver info: org.openqa.selenium.chrome.ChromeDriver
Capabilities {acceptInsecureCerts: false, acceptSslCerts: false, applicationCacheEnabled: false, browserConnectionEnabled: false, browserName: chrome, chrome: {chromedriverVersion: 2.46.628402 (536cd7adbad73a..., userDataDir: C:\Users\Mary\AppData\Local...}, cssSelectorsEnabled: true, databaseEnabled: false, goog:chromeOptions: {debuggerAddress: localhost:49357}, handlesAlerts: true, hasTouchScreen: false, javascriptEnabled: true, locationContextEnabled: true, mobileEmulationEnabled: false, nativeEvents: true, networkConnectionEnabled: false, pageLoadStrategy: normal, platform: XP, platformName: XP, proxy: Proxy(), rotatable: false, setWindowRect: true, strictFileInteractability: false, takesHeapSnapshot: true, takesScreenshot: true, timeouts: {implicit: 0, pageLoad: 300000, script: 30000}, unexpectedAlertBehaviour: ignore, unhandledPromptBehavior: ignore, version: 75.0.3770.142, webStorageEnabled: true}
Session ID: a9a40e26fc1620a408f80fbd90ca0bda
*** Element info: {Using=link text, value=mail}
	at sun.reflect.NativeConstructorAccessorImpl.newInstance0(Native Method)
	at sun.reflect.NativeConstructorAccessorImpl.newInstance(Unknown Source)
	at sun.reflect.DelegatingConstructorAccessorImpl.newInstance(Unknown Source)
	at java.lang.reflect.Constructor.newInstance(Unknown Source)
	at org.openqa.selenium.remote.ErrorHandler.createThrowable(ErrorHandler.java:214)
	at org.openqa.selenium.remote.ErrorHandler.throwIfResponseFailed(ErrorHandler.java:166)
	at org.openqa.selenium.remote.http.JsonHttpResponseCodec.reconstructValue(JsonHttpResponseCodec.java:40)
	at org.openqa.selenium.remote.http.AbstractHttpResponseCodec.decode(AbstractHttpResponseCodec.java:80)
	at org.openqa.selenium.remote.http.AbstractHttpResponseCodec.decode(AbstractHttpResponseCodec.java:44)
	at org.openqa.selenium.remote.HttpCommandExecutor.execute(HttpCommandExecutor.java:158)
	at org.openqa.selenium.remote.service.DriverCommandExecutor.execute(DriverCommandExecutor.java:83)
	at org.openqa.selenium.remote.RemoteWebDriver.execute(RemoteWebDriver.java:543)
	at org.openqa.selenium.remote.RemoteWebDriver.findElement(RemoteWebDriver.java:317)
	at org.openqa.selenium.remote.RemoteWebDriver.findElementByLinkText(RemoteWebDriver.java:371)
	at org.openqa.selenium.By$ByLinkText.findElement(By.java:220)
	at org.openqa.selenium.remote.RemoteWebDriver.findElement(RemoteWebDriver.java:309)
	at com.testng.GoogleTest.MailTest(GoogleTest.java:61)
	at sun.reflect.NativeMethodAccessorImpl.invoke0(Native Method)
	at sun.reflect.NativeMethodAccessorImpl.invoke(Unknown Source)
	at sun.reflect.DelegatingMethodAccessorImpl.invoke(Unknown Source)
	at java.lang.reflect.Method.invoke(Unknown Source)
	at org.testng.internal.MethodInvocationHelper.invokeMethod(MethodInvocationHelper.java:86)
	at org.testng.internal.Invoker.invokeMethod(Invoker.java:645)
	at org.testng.internal.Invoker.invokeTestMethod(Invoker.java:822)
	at org.testng.internal.Invoker.invokeTestMethods(Invoker.java:1130)
	at org.testng.internal.TestMethodWorker.invokeTestMethods(TestMethodWorker.java:129)
	at org.testng.internal.TestMethodWorker.run(TestMethodWorker.java:112)
	at org.testng.TestRunner.privateRun(TestRunner.java:782)
	at org.testng.TestRunner.run(TestRunner.java:632)
	at org.testng.SuiteRunner.runTest(SuiteRunner.java:366)
	at org.testng.SuiteRunner.runSequentially(SuiteRunner.java:361)
	at org.testng.SuiteRunner.privateRun(SuiteRunner.java:319)
	at org.testng.SuiteRunner.run(SuiteRunner.java:268)
	at org.testng.SuiteRunnerWorker.runSuite(SuiteRunnerWorker.java:52)
	at org.testng.SuiteRunnerWorker.run(SuiteRunnerWorker.java:86)
	at org.testng.TestNG.runSuitesSequentially(TestNG.java:1244)
	at org.testng.TestNG.runSuitesLocally(TestNG.java:1169)
	at org.testng.TestNG.run(TestNG.java:1064)
	at org.testng.remote.RemoteTestNG.run(RemoteTestNG.java:113)
	at org.testng.remote.RemoteTestNG.initAndRun(RemoteTestNG.java:206)
	at org.testng.remote.RemoteTestNG.main(RemoteTestNG.java:177)
</pre></div></td>
<td>30</td>
<td>com.testng.GoogleTest@2cfb4a64</td></tr>
</table><p>
<table width='100%' border='1' class='invocation-passed'>
<tr><td colspan='4' align='center'><b>PASSED TESTS</b></td></tr>
<tr><td><b>Test method</b></td>
<td width="30%"><b>Exception</b></td>
<td width="10%"><b>Time (seconds)</b></td>
<td><b>Instance</b></td>
</tr>
<tr>
<td title='com.testng.DependsOnMethodTest.AddToCart()'><b>AddToCart</b><br>Test class: com.testng.DependsOnMethodTest</td>
<td></td>
<td>0</td>
<td>com.testng.DependsOnMethodTest@5474c6c</td></tr>
<tr>
<td title='com.testng.TimeOutsException.Convert()'><b>Convert</b><br>Test class: com.testng.TimeOutsException</td>
<td><div><pre>java.lang.NumberFormatException: For input string: &quot;100A&quot;
	at java.lang.NumberFormatException.forInputString(Unknown Source)
	at java.lang.Integer.parseInt(Unknown Source)
	at java.lang.Integer.parseInt(Unknown Source)
	at com.testng.TimeOutsException.Convert(TimeOutsException.java:20)
... Removed 24 stack frames</pre></div><a href='#' onClick='toggleBox("stack-trace1320869181", this, "Click to show all stack frames", "Click to hide stack frames")'>Click to show all stack frames</a>
<div class='stack-trace' id='stack-trace1320869181'><pre>java.lang.NumberFormatException: For input string: &quot;100A&quot;
	at java.lang.NumberFormatException.forInputString(Unknown Source)
	at java.lang.Integer.parseInt(Unknown Source)
	at java.lang.Integer.parseInt(Unknown Source)
	at com.testng.TimeOutsException.Convert(TimeOutsException.java:20)
	at sun.reflect.NativeMethodAccessorImpl.invoke0(Native Method)
	at sun.reflect.NativeMethodAccessorImpl.invoke(Unknown Source)
	at sun.reflect.DelegatingMethodAccessorImpl.invoke(Unknown Source)
	at java.lang.reflect.Method.invoke(Unknown Source)
	at org.testng.internal.MethodInvocationHelper.invokeMethod(MethodInvocationHelper.java:86)
	at org.testng.internal.Invoker.invokeMethod(Invoker.java:645)
	at org.testng.internal.Invoker.invokeTestMethod(Invoker.java:822)
	at org.testng.internal.Invoker.invokeTestMethods(Invoker.java:1130)
	at org.testng.internal.TestMethodWorker.invokeTestMethods(TestMethodWorker.java:129)
	at org.testng.internal.TestMethodWorker.run(TestMethodWorker.java:112)
	at org.testng.TestRunner.privateRun(TestRunner.java:782)
	at org.testng.TestRunner.run(TestRunner.java:632)
	at org.testng.SuiteRunner.runTest(SuiteRunner.java:366)
	at org.testng.SuiteRunner.runSequentially(SuiteRunner.java:361)
	at org.testng.SuiteRunner.privateRun(SuiteRunner.java:319)
	at org.testng.SuiteRunner.run(SuiteRunner.java:268)
	at org.testng.SuiteRunnerWorker.runSuite(SuiteRunnerWorker.java:52)
	at org.testng.SuiteRunnerWorker.run(SuiteRunnerWorker.java:86)
	at org.testng.TestNG.runSuitesSequentially(TestNG.java:1244)
	at org.testng.TestNG.runSuitesLocally(TestNG.java:1169)
	at org.testng.TestNG.run(TestNG.java:1064)
	at org.testng.remote.RemoteTestNG.run(RemoteTestNG.java:113)
	at org.testng.remote.RemoteTestNG.initAndRun(RemoteTestNG.java:206)
	at org.testng.remote.RemoteTestNG.main(RemoteTestNG.java:177)
</pre></div></td>
<td>0</td>
<td>com.testng.TimeOutsException@591f989e</td></tr>
<tr>
<td title='com.testng.GoogleTest.GoogleLogoTest()'><b>GoogleLogoTest</b><br>Test class: com.testng.GoogleTest</td>
<td></td>
<td>0</td>
<td>com.testng.GoogleTest@2cfb4a64</td></tr>
<tr>
<td title='com.testng.InvocationCount.IncocationTest()'><b>IncocationTest</b><br>Test class: com.testng.InvocationCount</td>
<td></td>
<td>0</td>
<td>com.testng.InvocationCount@2fc14f68</td></tr>
<tr>
<td title='com.testng.InvocationCount.IncocationTest()'><b>IncocationTest</b><br>Test class: com.testng.InvocationCount</td>
<td></td>
<td>0</td>
<td>com.testng.InvocationCount@2fc14f68</td></tr>
<tr>
<td title='com.testng.InvocationCount.IncocationTest()'><b>IncocationTest</b><br>Test class: com.testng.InvocationCount</td>
<td></td>
<td>0</td>
<td>com.testng.InvocationCount@2fc14f68</td></tr>
<tr>
<td title='com.testng.InvocationCount.IncocationTest()'><b>IncocationTest</b><br>Test class: com.testng.InvocationCount</td>
<td></td>
<td>0</td>
<td>com.testng.InvocationCount@2fc14f68</td></tr>
<tr>
<td title='com.testng.InvocationCount.IncocationTest()'><b>IncocationTest</b><br>Test class: com.testng.InvocationCount</td>
<td></td>
<td>0</td>
<td>com.testng.InvocationCount@2fc14f68</td></tr>
<tr>
<td title='com.testng.InvocationCount.IncocationTest()'><b>IncocationTest</b><br>Test class: com.testng.InvocationCount</td>
<td></td>
<td>0</td>
<td>com.testng.InvocationCount@2fc14f68</td></tr>
<tr>
<td title='com.testng.InvocationCount.IncocationTest()'><b>IncocationTest</b><br>Test class: com.testng.InvocationCount</td>
<td></td>
<td>0</td>
<td>com.testng.InvocationCount@2fc14f68</td></tr>
<tr>
<td title='com.testng.InvocationCount.IncocationTest()'><b>IncocationTest</b><br>Test class: com.testng.InvocationCount</td>
<td></td>
<td>0</td>
<td>com.testng.InvocationCount@2fc14f68</td></tr>
<tr>
<td title='com.testng.InvocationCount.IncocationTest()'><b>IncocationTest</b><br>Test class: com.testng.InvocationCount</td>
<td></td>
<td>0</td>
<td>com.testng.InvocationCount@2fc14f68</td></tr>
<tr>
<td title='com.testng.InvocationCount.IncocationTest()'><b>IncocationTest</b><br>Test class: com.testng.InvocationCount</td>
<td></td>
<td>0</td>
<td>com.testng.InvocationCount@2fc14f68</td></tr>
<tr>
<td title='com.testng.DependsOnMethodTest.Login()'><b>Login</b><br>Test class: com.testng.DependsOnMethodTest</td>
<td></td>
<td>0</td>
<td>com.testng.DependsOnMethodTest@5474c6c</td></tr>
<tr>
<td title='com.testng.DependsOnMethodTest.Product()'><b>Product</b><br>Test class: com.testng.DependsOnMethodTest</td>
<td></td>
<td>0</td>
<td>com.testng.DependsOnMethodTest@5474c6c</td></tr>
<tr>
<td title='com.testng.DependsOnMethodTest.Profile()'><b>Profile</b><br>Test class: com.testng.DependsOnMethodTest</td>
<td></td>
<td>0</td>
<td>com.testng.DependsOnMethodTest@5474c6c</td></tr>
<tr>
<td title='com.testng.DependsOnMethodTest.Run()'><b>Run</b><br>Test class: com.testng.DependsOnMethodTest</td>
<td></td>
<td>0</td>
<td>com.testng.DependsOnMethodTest@5474c6c</td></tr>
<tr>
<td title='com.testng.DependsOnMethodTest.Run()'><b>Run</b><br>Test class: com.testng.DependsOnMethodTest</td>
<td></td>
<td>0</td>
<td>com.testng.DependsOnMethodTest@5474c6c</td></tr>
<tr>
<td title='com.testng.DependsOnMethodTest.Run()'><b>Run</b><br>Test class: com.testng.DependsOnMethodTest</td>
<td></td>
<td>0</td>
<td>com.testng.DependsOnMethodTest@5474c6c</td></tr>
<tr>
<td title='com.testng.DependsOnMethodTest.Run()'><b>Run</b><br>Test class: com.testng.DependsOnMethodTest</td>
<td></td>
<td>0</td>
<td>com.testng.DependsOnMethodTest@5474c6c</td></tr>
<tr>
<td title='com.testng.DependsOnMethodTest.Run()'><b>Run</b><br>Test class: com.testng.DependsOnMethodTest</td>
<td></td>
<td>0</td>
<td>com.testng.DependsOnMethodTest@5474c6c</td></tr>
<tr>
<td title='com.testng.DependsOnMethodTest.Run()'><b>Run</b><br>Test class: com.testng.DependsOnMethodTest</td>
<td></td>
<td>0</td>
<td>com.testng.DependsOnMethodTest@5474c6c</td></tr>
<tr>
<td title='com.testng.DependsOnMethodTest.Run()'><b>Run</b><br>Test class: com.testng.DependsOnMethodTest</td>
<td></td>
<td>0</td>
<td>com.testng.DependsOnMethodTest@5474c6c</td></tr>
<tr>
<td title='com.testng.DependsOnMethodTest.Run()'><b>Run</b><br>Test class: com.testng.DependsOnMethodTest</td>
<td></td>
<td>0</td>
<td>com.testng.DependsOnMethodTest@5474c6c</td></tr>
<tr>
<td title='com.testng.DependsOnMethodTest.Run()'><b>Run</b><br>Test class: com.testng.DependsOnMethodTest</td>
<td></td>
<td>0</td>
<td>com.testng.DependsOnMethodTest@5474c6c</td></tr>
<tr>
<td title='com.testng.DependsOnMethodTest.Run()'><b>Run</b><br>Test class: com.testng.DependsOnMethodTest</td>
<td></td>
<td>0</td>
<td>com.testng.DependsOnMethodTest@5474c6c</td></tr>
<tr>
<td title='com.testng.DependsOnMethodTest.Search()'><b>Search</b><br>Test class: com.testng.DependsOnMethodTest</td>
<td></td>
<td>0</td>
<td>com.testng.DependsOnMethodTest@5474c6c</td></tr>
<tr>
<td title='com.testng.GoogleTest.Test1()'><b>Test1</b><br>Test class: com.testng.GoogleTest</td>
<td></td>
<td>0</td>
<td>com.testng.GoogleTest@2cfb4a64</td></tr>
<tr>
<td title='com.testng.GoogleTest.Test2()'><b>Test2</b><br>Test class: com.testng.GoogleTest</td>
<td></td>
<td>0</td>
<td>com.testng.GoogleTest@2cfb4a64</td></tr>
<tr>
<td title='com.testng.GoogleTest.Test3()'><b>Test3</b><br>Test class: com.testng.GoogleTest</td>
<td></td>
<td>0</td>
<td>com.testng.GoogleTest@2cfb4a64</td></tr>
<tr>
<td title='com.testng.TestNgBasics.googleTitleTest()'><b>googleTitleTest</b><br>Test class: com.testng.TestNgBasics</td>
<td></td>
<td>0</td>
<td>com.testng.TestNgBasics@71f2a7d5</td></tr>
<tr>
<td title='com.testng.TestNgBasics.searchTest()'><b>searchTest</b><br>Test class: com.testng.TestNgBasics</td>
<td></td>
<td>0</td>
<td>com.testng.TestNgBasics@71f2a7d5</td></tr>
<tr>
<td title='com.testng.TestNgBasics.selectProduct()'><b>selectProduct</b><br>Test class: com.testng.TestNgBasics</td>
<td></td>
<td>0</td>
<td>com.testng.TestNgBasics@71f2a7d5</td></tr>
</table><p>
</body>
</html>