<?xml version="1.0" encoding="UTF-8"?>
<!-- Generated by org.testng.reporters.JUnitXMLReporter -->
<testsuite hostname="Mary-PC" name="Execute all the class" tests="35" failures="2" timestamp="6 Aug 2019 05:15:29 GMT" time="59.525" errors="0">
  <testcase name="googleTitleTest" time="0.008" classname="com.testng.TestNgBasics"/>
  <testcase name="searchTest" time="0.001" classname="com.testng.TestNgBasics"/>
  <testcase name="selectProduct" time="0.001" classname="com.testng.TestNgBasics"/>
  <testcase name="GoogleTitleTest" time="0.044" classname="com.testng.GoogleTest">
    <failure type="java.lang.AssertionError" message="expected [Google1234] but found [Google]">
      <![CDATA[java.lang.AssertionError: expected [Google1234] but found [Google]
	at com.testng.GoogleTest.GoogleTitleTest(GoogleTest.java:34)
... Removed 30 stack frames]]>
    </failure>
  </testcase> <!-- GoogleTitleTest -->
  <testcase name="GoogleLogoTest" time="0.08" classname="com.testng.GoogleTest"/>
  <testcase name="MailTest" time="30.096" classname="com.testng.GoogleTest">
    <failure type="org.openqa.selenium.NoSuchElementException" message="no such element: Unable to locate element: {&amp;quot;method&amp;quot;:&amp;quot;link text&amp;quot;,&amp;quot;selector&amp;quot;:&amp;quot;mail&amp;quot;}
  (Session info: chrome=75.0.3770.142)
  (Driver info: chromedriver=2.46.628402 (536cd7adbad73a3783fdc2cab92ab2ba7ec361e1),platform=Windows NT 6.1.7601 SP1 x86_64) (WARNING: The server did not provide any stacktrace information)
Command duration or timeout: 0 milliseconds
For documentation on this error, please visit: http://seleniumhq.org/exceptions/no_such_element.html
Build info: version: &amp;apos;3.12.0&amp;apos;, revision: &amp;apos;7c6e0b3&amp;apos;, time: &amp;apos;2018-05-08T15:15:08.936Z&amp;apos;
System info: host: &amp;apos;MARY-PC&amp;apos;, ip: &amp;apos;192.168.0.102&amp;apos;, os.name: &amp;apos;Windows 7&amp;apos;, os.arch: &amp;apos;amd64&amp;apos;, os.version: &amp;apos;6.1&amp;apos;, java.version: &amp;apos;1.8.0_191&amp;apos;
Driver info: org.openqa.selenium.chrome.ChromeDriver
Capabilities {acceptInsecureCerts: false, acceptSslCerts: false, applicationCacheEnabled: false, browserConnectionEnabled: false, browserName: chrome, chrome: {chromedriverVersion: 2.46.628402 (536cd7adbad73a..., userDataDir: C:\Users\Mary\AppData\Local...}, cssSelectorsEnabled: true, databaseEnabled: false, goog:chromeOptions: {debuggerAddress: localhost:49357}, handlesAlerts: true, hasTouchScreen: false, javascriptEnabled: true, locationContextEnabled: true, mobileEmulationEnabled: false, nativeEvents: true, networkConnectionEnabled: false, pageLoadStrategy: normal, platform: XP, platformName: XP, proxy: Proxy(), rotatable: false, setWindowRect: true, strictFileInteractability: false, takesHeapSnapshot: true, takesScreenshot: true, timeouts: {implicit: 0, pageLoad: 300000, script: 30000}, unexpectedAlertBehaviour: ignore, unhandledPromptBehavior: ignore, version: 75.0.3770.142, webStorageEnabled: true}
Session ID: a9a40e26fc1620a408f80fbd90ca0bda
*** Element info: {Using=link text, value=mail}">
      <![CDATA[org.openqa.selenium.NoSuchElementException: no such element: Unable to locate element: {"method":"link text","selector":"mail"}
  (Session info: chrome=75.0.3770.142)
  (Driver info: chromedriver=2.46.628402 (536cd7adbad73a3783fdc2cab92ab2ba7ec361e1),platform=Windows NT 6.1.7601 SP1 x86_64) (WARNING: The server did not provide any stacktrace information)
Command duration or timeout: 0 milliseconds
For documentation on this error, please visit: http://seleniumhq.org/exceptions/no_such_element.html
Build info: version: '3.12.0', revision: '7c6e0b3', time: '2018-05-08T15:15:08.936Z'
System info: host: 'MARY-PC', ip: '192.168.0.102', os.name: 'Windows 7', os.arch: 'amd64', os.version: '6.1', java.version: '1.8.0_191'
Driver info: org.openqa.selenium.chrome.ChromeDriver
Capabilities {acceptInsecureCerts: false, acceptSslCerts: false, applicationCacheEnabled: false, browserConnectionEnabled: false, browserName: chrome, chrome: {chromedriverVersion: 2.46.628402 (536cd7adbad73a..., userDataDir: C:\Users\Mary\AppData\Local...}, cssSelectorsEnabled: true, databaseEnabled: false, goog:chromeOptions: {debuggerAddress: localhost:49357}, handlesAlerts: true, hasTouchScreen: false, javascriptEnabled: true, locationContextEnabled: true, mobileEmulationEnabled: false, nativeEvents: true, networkConnectionEnabled: false, pageLoadStrategy: normal, platform: XP, platformName: XP, proxy: Proxy(), rotatable: false, setWindowRect: true, strictFileInteractability: false, takesHeapSnapshot: true, takesScreenshot: true, timeouts: {implicit: 0, pageLoad: 300000, script: 30000}, unexpectedAlertBehaviour: ignore, unhandledPromptBehavior: ignore, version: 75.0.3770.142, webStorageEnabled: true}
Session ID: a9a40e26fc1620a408f80fbd90ca0bda
*** Element info: {Using=link text, value=mail}
	at org.openqa.selenium.remote.ErrorHandler.createThrowable(ErrorHandler.java:214)
	at org.openqa.selenium.remote.ErrorHandler.throwIfResponseFailed(ErrorHandler.java:166)
	at org.openqa.selenium.remote.http.JsonHttpResponseCodec.reconstructValue(JsonHttpResponseCodec.java:40)
	at org.openqa.selenium.remote.http.AbstractHttpResponseCodec.decode(AbstractHttpResponseCodec.java:80)
	at org.openqa.selenium.remote.http.AbstractHttpResponseCodec.decode(AbstractHttpResponseCodec.java:44)
	at org.openqa.selenium.remote.HttpCommandExecutor.execute(HttpCommandExecutor.java:158)
	at org.openqa.selenium.remote.service.DriverCommandExecutor.execute(DriverCommandExecutor.java:83)
	at org.openqa.selenium.remote.RemoteWebDriver.execute(RemoteWebDriver.java:543)
	at org.openqa.selenium.remote.RemoteWebDriver.findElement(RemoteWebDriver.java:317)
	at org.openqa.selenium.remote.RemoteWebDriver.findElementByLinkText(RemoteWebDriver.java:371)
	at org.openqa.selenium.By$ByLinkText.findElement(By.java:220)
	at org.openqa.selenium.remote.RemoteWebDriver.findElement(RemoteWebDriver.java:309)
	at com.testng.GoogleTest.MailTest(GoogleTest.java:61)
... Removed 28 stack frames]]>
    </failure>
  </testcase> <!-- MailTest -->
  <testcase name="Test1" time="0.0" classname="com.testng.GoogleTest"/>
  <testcase name="Test2" time="0.001" classname="com.testng.GoogleTest"/>
  <testcase name="Test3" time="0.001" classname="com.testng.GoogleTest"/>
  <testcase name="Login" time="0.001" classname="com.testng.DependsOnMethodTest"/>
  <testcase name="Run" time="0.001" classname="com.testng.DependsOnMethodTest"/>
  <testcase name="Run" time="0.001" classname="com.testng.DependsOnMethodTest"/>
  <testcase name="Run" time="0.0" classname="com.testng.DependsOnMethodTest"/>
  <testcase name="Run" time="0.0" classname="com.testng.DependsOnMethodTest"/>
  <testcase name="Run" time="0.0" classname="com.testng.DependsOnMethodTest"/>
  <testcase name="Run" time="0.0" classname="com.testng.DependsOnMethodTest"/>
  <testcase name="Run" time="0.001" classname="com.testng.DependsOnMethodTest"/>
  <testcase name="Run" time="0.001" classname="com.testng.DependsOnMethodTest"/>
  <testcase name="Run" time="0.001" classname="com.testng.DependsOnMethodTest"/>
  <testcase name="Run" time="0.001" classname="com.testng.DependsOnMethodTest"/>
  <testcase name="AddToCart" time="0.001" classname="com.testng.DependsOnMethodTest"/>
  <testcase name="Product" time="0.001" classname="com.testng.DependsOnMethodTest"/>
  <testcase name="Profile" time="0.001" classname="com.testng.DependsOnMethodTest"/>
  <testcase name="Search" time="0.006" classname="com.testng.DependsOnMethodTest"/>
  <testcase name="IncocationTest" time="0.001" classname="com.testng.InvocationCount"/>
  <testcase name="IncocationTest" time="0.001" classname="com.testng.InvocationCount"/>
  <testcase name="IncocationTest" time="0.001" classname="com.testng.InvocationCount"/>
  <testcase name="IncocationTest" time="0.0" classname="com.testng.InvocationCount"/>
  <testcase name="IncocationTest" time="0.0" classname="com.testng.InvocationCount"/>
  <testcase name="IncocationTest" time="0.0" classname="com.testng.InvocationCount"/>
  <testcase name="IncocationTest" time="0.001" classname="com.testng.InvocationCount"/>
  <testcase name="IncocationTest" time="0.0" classname="com.testng.InvocationCount"/>
  <testcase name="IncocationTest" time="0.0" classname="com.testng.InvocationCount"/>
  <testcase name="IncocationTest" time="0.0" classname="com.testng.InvocationCount"/>
  <testcase name="Convert" time="0.001" classname="com.testng.TimeOutsException"/>
</testsuite> <!-- Execute all the class -->
