<?xml version="1.0" encoding="UTF-8"?>
<!-- Generated by org.testng.reporters.JUnitXMLReporter -->
<testsuite hostname="Mary-PC" name="FreeCRMTest" tests="6" failures="2" timestamp="21 Aug 2019 18:50:53 GMT" time="136.968" errors="0">
  <testcase name="validateLogintest" time="0.597" classname="com.crm.qa.testcases.LoginPageTest"/>
  <testcase name="verifyHomePageTitle" time="0.022" classname="com.crm.qa.testcases.HomePageTest"/>
  <testcase name="verifyUserNameLable" time="1.594" classname="com.crm.qa.testcases.HomePageTest"/>
  <testcase name="verifyContactsLinkTest" time="6.77" classname="com.crm.qa.testcases.HomePageTest"/>
  <testcase name="verifyContactLable" time="0.001" classname="com.crm.qa.testcases.ContactsPageTest">
    <failure type="java.lang.NullPointerException">
      <![CDATA[java.lang.NullPointerException
	at com.crm.qa.pages.ContactsPage.verifyContactLable(ContactsPage.java:19)
	at com.crm.qa.testcases.ContactsPageTest.verifyContactLable(ContactsPageTest.java:35)
... Removed 24 stack frames]]>
    </failure>
  </testcase> <!-- verifyContactLable -->
  <testcase name="verifyContactByNameTest" time="10.127" classname="com.crm.qa.testcases.ContactsPageTest">
    <failure type="org.openqa.selenium.NoSuchElementException" message="no such element: Unable to locate element: {&amp;quot;method&amp;quot;:&amp;quot;xpath&amp;quot;,&amp;quot;selector&amp;quot;:&amp;quot;//input[text()=&amp;apos;Arunachalam Thangaraja&amp;apos;]//parent::td[@class=&amp;apos;hidden&amp;apos;]//preceding-sibling::td[@class=&amp;apos;hidden&amp;apos;]//input[@name=&amp;apos;id&amp;apos;]&amp;quot;}
  (Session info: chrome=76.0.3809.100)
For documentation on this error, please visit: https://www.seleniumhq.org/exceptions/no_such_element.html
Build info: version: &amp;apos;3.141.59&amp;apos;, revision: &amp;apos;e82be7d358&amp;apos;, time: &amp;apos;2018-11-14T08:17:03&amp;apos;
System info: host: &amp;apos;MARY-PC&amp;apos;, ip: &amp;apos;192.168.0.103&amp;apos;, os.name: &amp;apos;Windows 7&amp;apos;, os.arch: &amp;apos;amd64&amp;apos;, os.version: &amp;apos;6.1&amp;apos;, java.version: &amp;apos;1.8.0_191&amp;apos;
Driver info: org.openqa.selenium.chrome.ChromeDriver
Capabilities {acceptInsecureCerts: false, browserName: chrome, browserVersion: 76.0.3809.100, chrome: {chromedriverVersion: 75.0.3770.140 (2d9f97485c7b..., userDataDir: C:\Users\Mary\AppData\Local...}, goog:chromeOptions: {debuggerAddress: localhost:55733}, javascriptEnabled: true, networkConnectionEnabled: false, pageLoadStrategy: normal, platform: XP, platformName: XP, proxy: Proxy(), setWindowRect: true, strictFileInteractability: false, timeouts: {implicit: 0, pageLoad: 300000, script: 30000}, unhandledPromptBehavior: dismiss and notify}
Session ID: a681e0916f7d7ece54c24a2d32cea506
*** Element info: {Using=xpath, value=//input[text()=&amp;apos;Arunachalam Thangaraja&amp;apos;]//parent::td[@class=&amp;apos;hidden&amp;apos;]//preceding-sibling::td[@class=&amp;apos;hidden&amp;apos;]//input[@name=&amp;apos;id&amp;apos;]}">
      <![CDATA[org.openqa.selenium.NoSuchElementException: no such element: Unable to locate element: {"method":"xpath","selector":"//input[text()='Arunachalam Thangaraja']//parent::td[@class='hidden']//preceding-sibling::td[@class='hidden']//input[@name='id']"}
  (Session info: chrome=76.0.3809.100)
For documentation on this error, please visit: https://www.seleniumhq.org/exceptions/no_such_element.html
Build info: version: '3.141.59', revision: 'e82be7d358', time: '2018-11-14T08:17:03'
System info: host: 'MARY-PC', ip: '192.168.0.103', os.name: 'Windows 7', os.arch: 'amd64', os.version: '6.1', java.version: '1.8.0_191'
Driver info: org.openqa.selenium.chrome.ChromeDriver
Capabilities {acceptInsecureCerts: false, browserName: chrome, browserVersion: 76.0.3809.100, chrome: {chromedriverVersion: 75.0.3770.140 (2d9f97485c7b..., userDataDir: C:\Users\Mary\AppData\Local...}, goog:chromeOptions: {debuggerAddress: localhost:55733}, javascriptEnabled: true, networkConnectionEnabled: false, pageLoadStrategy: normal, platform: XP, platformName: XP, proxy: Proxy(), setWindowRect: true, strictFileInteractability: false, timeouts: {implicit: 0, pageLoad: 300000, script: 30000}, unhandledPromptBehavior: dismiss and notify}
Session ID: a681e0916f7d7ece54c24a2d32cea506
*** Element info: {Using=xpath, value=//input[text()='Arunachalam Thangaraja']//parent::td[@class='hidden']//preceding-sibling::td[@class='hidden']//input[@name='id']}
	at org.openqa.selenium.remote.http.W3CHttpResponseCodec.createException(W3CHttpResponseCodec.java:187)
	at org.openqa.selenium.remote.http.W3CHttpResponseCodec.decode(W3CHttpResponseCodec.java:122)
	at org.openqa.selenium.remote.http.W3CHttpResponseCodec.decode(W3CHttpResponseCodec.java:49)
	at org.openqa.selenium.remote.HttpCommandExecutor.execute(HttpCommandExecutor.java:158)
	at org.openqa.selenium.remote.service.DriverCommandExecutor.execute(DriverCommandExecutor.java:83)
	at org.openqa.selenium.remote.RemoteWebDriver.execute(RemoteWebDriver.java:552)
	at org.openqa.selenium.remote.RemoteWebDriver.findElement(RemoteWebDriver.java:323)
	at org.openqa.selenium.remote.RemoteWebDriver.findElementByXPath(RemoteWebDriver.java:428)
	at org.openqa.selenium.By$ByXPath.findElement(By.java:353)
	at org.openqa.selenium.remote.RemoteWebDriver.findElement(RemoteWebDriver.java:315)
	at com.crm.qa.pages.ContactsPage.selectContatcsByName(ContactsPage.java:23)
	at com.crm.qa.testcases.ContactsPageTest.verifyContactByNameTest(ContactsPageTest.java:41)
... Removed 28 stack frames]]>
    </failure>
  </testcase> <!-- verifyContactByNameTest -->
</testsuite> <!-- FreeCRMTest -->
